<?xml version="1.0" encoding="UTF-8"?>
<robot generator="Robot 5.0.1 (Python 3.9.10 on win32)" generated="20220824 14:28:10.750" rpa="false" schemaversion="3">
<suite id="s1" name="TC 004 Request Chaining" source="C:\Users\salman.salamat\PycharmProjects\RobotProject\TC_004_Request_Chaining.robot">
<test id="s1-t1" name="TC004_Request_Chaining" line="12">
<kw name="Create Session" library="RequestsLibrary">
<arg>post_data</arg>
<arg>${base_URL}</arg>
<doc>Create Session: create a HTTP session to a server</doc>
<msg timestamp="20220824 14:28:10.868" level="INFO">Creating Session using : alias=post_data, url=http://thetestingworldapi.com/, headers={},                     cookies={}, auth=None, timeout=None, proxies=None, verify=False,                     debug=0 </msg>
<status status="PASS" starttime="20220824 14:28:10.868" endtime="20220824 14:28:10.868"/>
</kw>
<kw name="Create Dictionary" library="BuiltIn">
<var>&amp;{head}</var>
<arg>Content-Type=application/json</arg>
<doc>Creates and returns a dictionary based on the given ``items``.</doc>
<msg timestamp="20220824 14:28:10.869" level="INFO">&amp;{head} = { Content-Type=application/json }</msg>
<status status="PASS" starttime="20220824 14:28:10.869" endtime="20220824 14:28:10.869"/>
</kw>
<kw name="Create Dictionary" library="BuiltIn">
<var>&amp;{body}</var>
<arg>first_name=Salman</arg>
<arg>middle_name=R</arg>
<arg>last_name=${Original_Last_Name}</arg>
<arg>date_of_birth=10/14/1994</arg>
<doc>Creates and returns a dictionary based on the given ``items``.</doc>
<msg timestamp="20220824 14:28:10.870" level="INFO">&amp;{body} = { first_name=Salman | middle_name=R | last_name=Salamat | date_of_birth=10/14/1994 }</msg>
<status status="PASS" starttime="20220824 14:28:10.869" endtime="20220824 14:28:10.870"/>
</kw>
<kw name="POST On Session" library="RequestsLibrary">
<var>${post_response}</var>
<arg>post_data</arg>
<arg>api/studentsDetails</arg>
<arg>headers=${head}</arg>
<arg>data=${body}</arg>
<doc>Sends a POST request on a previously created HTTP Session.</doc>
<msg timestamp="20220824 14:28:11.657" level="INFO">POST Request : url=http://thetestingworldapi.com/api/studentsDetails (redirected) 
 path_url=/api/studentsDetails 
 headers={'User-Agent': 'python-requests/2.28.1', 'Accept-Encoding': 'gzip, deflate', 'Accept': '*/*', 'Connection': 'keep-alive', 'Content-Type': 'application/json', 'Content-Length': '78'} 
 body=first_name=Salman&amp;middle_name=R&amp;last_name=Salamat&amp;date_of_birth=10%2F14%2F1994 
 </msg>
<msg timestamp="20220824 14:28:11.657" level="INFO">GET Response : url=https://thetestingworldapi.com/api/studentsDetails 
 status=200, reason=OK 
 headers={'Cache-Control': 'no-cache', 'Pragma': 'no-cache', 'Content-Type': 'application/json; charset=utf-8', 'Expires': '-1', 'Server': 'Microsoft-IIS/8.5', 'X-AspNet-Version': '4.0.30319', 'X-Powered-By': 'ASP.NET', 'X-Powered-By-Plesk': 'PleskWin', 'Date': 'Wed, 24 Aug 2022 09:28:11 GMT', 'Content-Length': '12483'} 
 body=[{"id":3837243,"first_name":"pankaj","middle_name":"madhukar","last_name":"baradkar","date_of_birth":"18/11/1995"},{"id":3837242,"first_name":"pankaj","middle_name":"madhukar","last_name":"baradkar","date_of_birth":"18/11/1995"},{"id":3837241,"first_name":"pankaj","middle_name":"madhukar","last_name":"baradkar","date_of_birth":"18/11/1995"},{"id":3837240,"first_name":"pankaj","middle_name":"madhukar","last_name":"baradkar","date_of_birth":"18/11/1995"},{"id":3837239,"first_name":"pankaj","middle_name":"madhukar","last_name":"baradkar","date_of_birth":"18/11/1995"},{"id":3837238,"first_name":"pankaj","middle_name":"madhukar","last_name":"baradkar","date_of_birth":"18/11/1995"},{"id":3837237,"first_name":"pankaj","middle_name":"madhukar","last_name":"baradkar","date_of_birth":"18/11/1995"},{"id":3837236,"first_name":"sample string 2","middle_name":"sample string 3","last_name":"sample string 4","date_of_birth":"sample string 5"},{"id":3837235,"first_name":"pankaj","middle_name":"madhukar","last_name":"baradkar","date_of_birth":"18/11/1995"},{"id":3837234,"first_name":"pankaj","middle_name":"madhukar","last_name":"baradkar","date_of_birth":"18/11/1995"},{"id":3837233,"first_name":"pankaj","middle_name":"madhukar","last_name":"baradkar","date_of_birth":"18/11/1995"},{"id":3837232,"first_name":"pankaj","middle_name":"madhukar","last_name":"baradkar","date_of_birth":"18/11/1995"},{"id":3837231,"first_name":"pankaj","middle_name":"madhukar","last_name":"baradkar","date_of_birth":"18/11/1995"},{"id":3837230,"first_name":"sample string 2","middle_name":"sample string 3","last_name":"sample string 4","date_of_birth":"sample string 5"},{"id":3837229,"first_name":"Test1","middle_name":"REST1","last_name":"Anita1","date_of_birth":"01/07/1986"},{"id":3837228,"first_name":"sample string 2","middle_name":"sample string 3","last_name":"sample string 4","date_of_birth":"sample string 5"},{"id":3837227,"first_name":"Test1","middle_name":"REST1","last_name":"Anita1","date_of_birth":"01/07/1986"},{"id":3837226,"first_name":"sample string 2","middle_name":"sample string 3","last_name":"sample string 4","date_of_birth":"sample string 5"},{"id":3837225,"first_name":"sample string 2","middle_name":"sample string 3","last_name":"sample string 4","date_of_birth":"sample string 5"},{"id":3837224,"first_name":"Test1","middle_name":"REST1","last_name":"Anita1","date_of_birth":"01/07/1986"},{"id":3837223,"first_name":"sample string 2","middle_name":"sample string 3","last_name":"sample string 4","date_of_birth":"sample string 5"},{"id":3837222,"first_name":"sample string 2","middle_name":"sample string 3","last_name":"sample string 4","date_of_birth":"sample string 5"},{"id":3837221,"first_name":"sample string 2","middle_name":"sample string 3","last_name":"sample string 4","date_of_birth":"sample string 5"},{"id":3837220,"first_name":"sample string 2","middle_name":"sample string 3","last_name":"sample string 4","date_of_birth":"sample string 5"},{"id":3837219,"first_name":"sample string 2","middle_name":"sample string 3","last_name":"sample string 4","date_of_birth":"sample string 5"},{"id":3837218,"first_name":"sample string 2","middle_name":"sample string 3","last_name":"sample string 4","date_of_birth":"sample string 5"},{"id":3837217,"first_name":"sample string 2","middle_name":"sample string 3","last_name":"sample string 4","date_of_birth":"sample string 5"},{"id":3837216,"first_name":"sample string 2","middle_name":"sample string 3","last_name":"sample string 4","date_of_birth":"sample string 5"},{"id":3837215,"first_name":"Test1","middle_name":"REST1","last_name":"Anita1","date_of_birth":"01/07/1986"},{"id":3837214,"first_name":"sample string 2","middle_name":"sample string 3","last_name":"sample string 4","date_of_birth":"sample string 5"},{"id":3837213,"first_name":"sample string 2","middle_name":"sample string 3","last_name":"sample string 4","date_of_birth":"sample string 5"},{"id":3837212,"first_name":"sample string 2","middle_name":"sample string 3","last_name":"sample string 4","date_of_birth":"sample string 5"},{"id":3837211,"first_name":"sample string 2","middle_name":"sample string 3","last_name":"sample string 4","date_of_birth":"sample string 5"},{"id":3837210,"first_name":"sample string 2","middle_name":"sample string 3","last_name":"sample string 4","date_of_birth":"sample string 5"},{"id":3837209,"first_name":"sample string 2","middle_name":"sample string 3","last_name":"sample string 4","date_of_birth":"sample string 5"},{"id":3837208,"first_name":"sample string 2","middle_name":"sample string 3","last_name":"sample string 4","date_of_birth":"sample string 5"},{"id":3837207,"first_name":"sample string 2","middle_name":"sample string 3","last_name":"sample string 4","date_of_birth":"sample string 5"},{"id":3837206,"first_name":"sample string 2","middle_name":"sample string 3","last_name":"sample string 4","date_of_birth":"sample string 5"},{"id":3837205,"first_name":"sample string 2","middle_name":"sample string 3","last_name":"sample string 4","date_of_birth":"sample string 5"},{"id":3837204,"first_name":"sample string 2","middle_name":"sample string 3","last_name":"sample string 4","date_of_birth":"sample string 5"},{"id":3837203,"first_name":"sample string 2","middle_name":"sample string 3","last_name":"sample string 4","date_of_birth":"sample string 5"},{"id":3837202,"first_name":"sample string 2","middle_name":"sample string 3","last_name":"sample string 4","date_of_birth":"sample string 5"},{"id":3837201,"first_name":"sample string 2","middle_name":"sample string 3","last_name":"sample string 4","date_of_birth":"sample string 5"},{"id":3837200,"first_name":"sample string 2","middle_name":"sample string 3","last_name":"sample string 4","date_of_birth":"sample string 5"},{"id":3837199,"first_name":"sample string 2","middle_name":"sample string 3","last_name":"sample string 4","date_of_birth":"sample string 5"},{"id":3837198,"first_name":"sample string 2","middle_name":"sample string 3","last_name":"sample string 4","date_of_birth":"sample string 5"},{"id":3837197,"first_name":"sample string 2","middle_name":"sample string 3","last_name":"sample string 4","date_of_birth":"sample string 5"},{"id":3837196,"first_name":"sample string 2","middle_name":"sample string 3","last_name":"sample string 4","date_of_birth":"sample string 5"},{"id":3837195,"first_name":"sample string 2","middle_name":"sample string 3","last_name":"sample string 4","date_of_birth":"sample string 5"},{"id":3837194,"first_name":"sample string 2","middle_name":"sample string 3","last_name":"sample string 4","date_of_birth":"sample string 5"},{"id":3837193,"first_name":"sample string 2","middle_name":"sample string 3","last_name":"sample string 4","date_of_birth":"sample string 5"},{"id":3837192,"first_name":"Testing","middle_name":"A","last_name":"World","date_of_birth":"12/12/1990"},{"id":3837191,"first_name":"sample string 2","middle_name":"sample string 3","last_name":"sample string 4","date_of_birth":"sample string 5"},{"id":3837190,"first_name":"Testing","middle_name":"A","last_name":"World","date_of_birth":"12/12/1990"},{"id":3837189,"first_name":"sample string 2","middle_name":"sample string 3","last_name":"sample string 4","date_of_birth":"sample string 5"},{"id":3837188,"first_name":"sample string 2","middle_name":"sample string 3","last_name":"sample string 4","date_of_birth":"sample string 5"},{"id":3837187,"first_name":"sample string 2","middle_name":"sample string 3","last_name":"sample string 4","date_of_birth":"sample string 5"},{"id":3837186,"first_name":"Testing","middle_name":"A","last_name":"World","date_of_birth":"12/12/1990"},{"id":3837185,"first_name":"sample string 2","middle_name":"sample string 3","last_name":"sample string 4","date_of_birth":"sample string 5"},{"id":3837184,"first_name":"sample string 2","middle_name":"sample string 3","last_name":"sample string 4","date_of_birth":"sample string 5"},{"id":3837183,"first_name":"sample string 2","middle_name":"sample string 3","last_name":"sample string 4","date_of_birth":"sample string 5"},{"id":3837182,"first_name":"sample string 2","middle_name":"sample string 3","last_name":"sample string 4","date_of_birth":"sample string 5"},{"id":3837181,"first_name":"Testing","middle_name":"the","last_name":"world","date_of_birth":"01/01/1999"},{"id":3837180,"first_name":"Testing","middle_name":"the","last_name":"world","date_of_birth":"01/01/1999"},{"id":3837179,"first_name":"Testing","middle_name":"the","last_name":"world","date_of_birth":"01/01/1999"},{"id":3837178,"first_name":"Testing","middle_name":"A","last_name":"World","date_of_birth":"12/12/1990"},{"id":3837177,"first_name":"srikanth","middle_name":"g 3","last_name":" 4","date_of_birth":"ing 5"},{"id":3837176,"first_name":"srikanth","middle_name":"g 3","last_name":" 4","date_of_birth":"ing 5"},{"id":3837175,"first_name":"sample string 2","middle_name":"sample string 3","last_name":"sample string 4","date_of_birth":"sample string 5"},{"id":3837174,"first_name":"sample string 2","middle_name":"sample string 3","last_name":"sample string 4","date_of_birth":"sample string 5"},{"id":3837173,"first_name":"Testing","middle_name":"A","last_name":"World","date_of_birth":"12/12/1990"},{"id":3837172,"first_name":"Testing","middle_name":"the","last_name":"world","date_of_birth":"01/01/1999"},{"id":3837171,"first_name":"TestJK123","middle_name":"JKTest1","last_name":"TestK1","date_of_birth":"02/02/2023"},{"id":3837170,"first_name":"siya","middle_name":"ranjay","last_name":"Pawar","date_of_birth":"04/02/1998"},{"id":3837169,"first_name":"Dipu","middle_name":"sanjay","last_name":"Jadhav","date_of_birth":"04/02/1998"},{"id":3837168,"first_name":"jiya","middle_name":"sanjay","last_name":"Jadhav","date_of_birth":"04/02/1998"},{"id":3837167,"first_name":"tiya","middle_name":"sanjay","last_name":"Jadhav","date_of_birth":"04/02/1998"},{"id":3837166,"first_name":"tiya","middle_name":"sanjay","last_name":"Jadhav","date_of_birth":"04/02/1998"},{"i... (set the log level to DEBUG or TRACE to see the full content) 
 </msg>
<msg timestamp="20220824 14:28:11.658" level="INFO">C:\Users\salman.salamat\PycharmProjects\RobotProject\venv\lib\site-packages\urllib3\connectionpool.py:1045: InsecureRequestWarning: Unverified HTTPS request is being made to host 'thetestingworldapi.com'. Adding certificate verification is strongly advised. See: https://urllib3.readthedocs.io/en/1.26.x/advanced-usage.html#ssl-warnings
  warnings.warn(</msg>
<msg timestamp="20220824 14:28:11.659" level="INFO">${post_response} = &lt;Response [200]&gt;</msg>
<status status="PASS" starttime="20220824 14:28:10.870" endtime="20220824 14:28:11.659"/>
</kw>
<kw name="To Json" library="RequestsLibrary">
<var>${json_response}</var>
<arg>${post_response.content}</arg>
<doc>*DEPRECATED* Please use ${resp.json()} instead. Have a look at the improved HTML output as pretty printing replacement.</doc>
<msg timestamp="20220824 14:28:11.660" level="WARN">Keyword 'RequestsLibrary.To Json' is deprecated. Please use ${resp.json()} instead. Have a look at the improved HTML output as pretty printing replacement.</msg>
<msg timestamp="20220824 14:28:11.664" level="INFO">To JSON using : content=[{"id":3837243,"first_name":"pankaj","middle_name":"madhukar","last_name":"baradkar","date_of_birth":"18/11/1995"},{"id":3837242,"first_name":"pankaj","middle_name":"madhukar","last_name":"baradkar","date_of_birth":"18/11/1995"},{"id":3837241,"first_name":"pankaj","middle_name":"madhukar","last_name":"baradkar","date_of_birth":"18/11/1995"},{"id":3837240,"first_name":"pankaj","middle_name":"madhukar","last_name":"baradkar","date_of_birth":"18/11/1995"},{"id":3837239,"first_name":"pankaj","middle_name":"madhukar","last_name":"baradkar","date_of_birth":"18/11/1995"},{"id":3837238,"first_name":"pankaj","middle_name":"madhukar","last_name":"baradkar","date_of_birth":"18/11/1995"},{"id":3837237,"first_name":"pankaj","middle_name":"madhukar","last_name":"baradkar","date_of_birth":"18/11/1995"},{"id":3837236,"first_name":"sample string 2","middle_name":"sample string 3","last_name":"sample string 4","date_of_birth":"sample string 5"},{"id":3837235,"first_name":"pankaj","middle_name":"madhukar","last_name":"baradkar","date_of_birth":"18/11/1995"},{"id":3837234,"first_name":"pankaj","middle_name":"madhukar","last_name":"baradkar","date_of_birth":"18/11/1995"},{"id":3837233,"first_name":"pankaj","middle_name":"madhukar","last_name":"baradkar","date_of_birth":"18/11/1995"},{"id":3837232,"first_name":"pankaj","middle_name":"madhukar","last_name":"baradkar","date_of_birth":"18/11/1995"},{"id":3837231,"first_name":"pankaj","middle_name":"madhukar","last_name":"baradkar","date_of_birth":"18/11/1995"},{"id":3837230,"first_name":"sample string 2","middle_name":"sample string 3","last_name":"sample string 4","date_of_birth":"sample string 5"},{"id":3837229,"first_name":"Test1","middle_name":"REST1","last_name":"Anita1","date_of_birth":"01/07/1986"},{"id":3837228,"first_name":"sample string 2","middle_name":"sample string 3","last_name":"sample string 4","date_of_birth":"sample string 5"},{"id":3837227,"first_name":"Test1","middle_name":"REST1","last_name":"Anita1","date_of_birth":"01/07/1986"},{"id":3837226,"first_name":"sample string 2","middle_name":"sample string 3","last_name":"sample string 4","date_of_birth":"sample string 5"},{"id":3837225,"first_name":"sample string 2","middle_name":"sample string 3","last_name":"sample string 4","date_of_birth":"sample string 5"},{"id":3837224,"first_name":"Test1","middle_name":"REST1","last_name":"Anita1","date_of_birth":"01/07/1986"},{"id":3837223,"first_name":"sample string 2","middle_name":"sample string 3","last_name":"sample string 4","date_of_birth":"sample string 5"},{"id":3837222,"first_name":"sample string 2","middle_name":"sample string 3","last_name":"sample string 4","date_of_birth":"sample string 5"},{"id":3837221,"first_name":"sample string 2","middle_name":"sample string 3","last_name":"sample string 4","date_of_birth":"sample string 5"},{"id":3837220,"first_name":"sample string 2","middle_name":"sample string 3","last_name":"sample string 4","date_of_birth":"sample string 5"},{"id":3837219,"first_name":"sample string 2","middle_name":"sample string 3","last_name":"sample string 4","date_of_birth":"sample string 5"},{"id":3837218,"first_name":"sample string 2","middle_name":"sample string 3","last_name":"sample string 4","date_of_birth":"sample string 5"},{"id":3837217,"first_name":"sample string 2","middle_name":"sample string 3","last_name":"sample string 4","date_of_birth":"sample string 5"},{"id":3837216,"first_name":"sample string 2","middle_name":"sample string 3","last_name":"sample string 4","date_of_birth":"sample string 5"},{"id":3837215,"first_name":"Test1","middle_name":"REST1","last_name":"Anita1","date_of_birth":"01/07/1986"},{"id":3837214,"first_name":"sample string 2","middle_name":"sample string 3","last_name":"sample string 4","date_of_birth":"sample string 5"},{"id":3837213,"first_name":"sample string 2","middle_name":"sample string 3","last_name":"sample string 4","date_of_birth":"sample string 5"},{"id":3837212,"first_name":"sample string 2","middle_name":"sample string 3","last_name":"sample string 4","date_of_birth":"sample string 5"},{"id":3837211,"first_name":"sample string 2","middle_name":"sample string 3","last_name":"sample string 4","date_of_birth":"sample string 5"},{"id":3837210,"first_name":"sample string 2","middle_name":"sample string 3","last_name":"sample string 4","date_of_birth":"sample string 5"},{"id":3837209,"first_name":"sample string 2","middle_name":"sample string 3","last_name":"sample string 4","date_of_birth":"sample string 5"},{"id":3837208,"first_name":"sample string 2","middle_name":"sample string 3","last_name":"sample string 4","date_of_birth":"sample string 5"},{"id":3837207,"first_name":"sample string 2","middle_name":"sample string 3","last_name":"sample string 4","date_of_birth":"sample string 5"},{"id":3837206,"first_name":"sample string 2","middle_name":"sample string 3","last_name":"sample string 4","date_of_birth":"sample string 5"},{"id":3837205,"first_name":"sample string 2","middle_name":"sample string 3","last_name":"sample string 4","date_of_birth":"sample string 5"},{"id":3837204,"first_name":"sample string 2","middle_name":"sample string 3","last_name":"sample string 4","date_of_birth":"sample string 5"},{"id":3837203,"first_name":"sample string 2","middle_name":"sample string 3","last_name":"sample string 4","date_of_birth":"sample string 5"},{"id":3837202,"first_name":"sample string 2","middle_name":"sample string 3","last_name":"sample string 4","date_of_birth":"sample string 5"},{"id":3837201,"first_name":"sample string 2","middle_name":"sample string 3","last_name":"sample string 4","date_of_birth":"sample string 5"},{"id":3837200,"first_name":"sample string 2","middle_name":"sample string 3","last_name":"sample string 4","date_of_birth":"sample string 5"},{"id":3837199,"first_name":"sample string 2","middle_name":"sample string 3","last_name":"sample string 4","date_of_birth":"sample string 5"},{"id":3837198,"first_name":"sample string 2","middle_name":"sample string 3","last_name":"sample string 4","date_of_birth":"sample string 5"},{"id":3837197,"first_name":"sample string 2","middle_name":"sample string 3","last_name":"sample string 4","date_of_birth":"sample string 5"},{"id":3837196,"first_name":"sample string 2","middle_name":"sample string 3","last_name":"sample string 4","date_of_birth":"sample string 5"},{"id":3837195,"first_name":"sample string 2","middle_name":"sample string 3","last_name":"sample string 4","date_of_birth":"sample string 5"},{"id":3837194,"first_name":"sample string 2","middle_name":"sample string 3","last_name":"sample string 4","date_of_birth":"sample string 5"},{"id":3837193,"first_name":"sample string 2","middle_name":"sample string 3","last_name":"sample string 4","date_of_birth":"sample string 5"},{"id":3837192,"first_name":"Testing","middle_name":"A","last_name":"World","date_of_birth":"12/12/1990"},{"id":3837191,"first_name":"sample string 2","middle_name":"sample string 3","last_name":"sample string 4","date_of_birth":"sample string 5"},{"id":3837190,"first_name":"Testing","middle_name":"A","last_name":"World","date_of_birth":"12/12/1990"},{"id":3837189,"first_name":"sample string 2","middle_name":"sample string 3","last_name":"sample string 4","date_of_birth":"sample string 5"},{"id":3837188,"first_name":"sample string 2","middle_name":"sample string 3","last_name":"sample string 4","date_of_birth":"sample string 5"},{"id":3837187,"first_name":"sample string 2","middle_name":"sample string 3","last_name":"sample string 4","date_of_birth":"sample string 5"},{"id":3837186,"first_name":"Testing","middle_name":"A","last_name":"World","date_of_birth":"12/12/1990"},{"id":3837185,"first_name":"sample string 2","middle_name":"sample string 3","last_name":"sample string 4","date_of_birth":"sample string 5"},{"id":3837184,"first_name":"sample string 2","middle_name":"sample string 3","last_name":"sample string 4","date_of_birth":"sample string 5"},{"id":3837183,"first_name":"sample string 2","middle_name":"sample string 3","last_name":"sample string 4","date_of_birth":"sample string 5"},{"id":3837182,"first_name":"sample string 2","middle_name":"sample string 3","last_name":"sample string 4","date_of_birth":"sample string 5"},{"id":3837181,"first_name":"Testing","middle_name":"the","last_name":"world","date_of_birth":"01/01/1999"},{"id":3837180,"first_name":"Testing","middle_name":"the","last_name":"world","date_of_birth":"01/01/1999"},{"id":3837179,"first_name":"Testing","middle_name":"the","last_name":"world","date_of_birth":"01/01/1999"},{"id":3837178,"first_name":"Testing","middle_name":"A","last_name":"World","date_of_birth":"12/12/1990"},{"id":3837177,"first_name":"srikanth","middle_name":"g 3","last_name":" 4","date_of_birth":"ing 5"},{"id":3837176,"first_name":"srikanth","middle_name":"g 3","last_name":" 4","date_of_birth":"ing 5"},{"id":3837175,"first_name":"sample string 2","middle_name":"sample string 3","last_name":"sample string 4","date_of_birth":"sample string 5"},{"id":3837174,"first_name":"sample string 2","middle_name":"sample string 3","last_name":"sample string 4","date_of_birth":"sample string 5"},{"id":3837173,"first_name":"Testing","middle_name":"A","last_name":"World","date_of_birth":"12/12/1990"},{"id":3837172,"first_name":"Testing","middle_name":"the","last_name":"world","date_of_birth":"01/01/1999"},{"id":3837171,"first_name":"TestJK123","middle_name":"JKTest1","last_name":"TestK1","date_of_birth":"02/02/2023"},{"id":3837170,"first_name":"siya","middle_name":"ranjay","last_name":"Pawar","date_of_birth":"04/02/1998"},{"id":3837169,"first_name":"Dipu","middle_name":"sanjay","last_name":"Jadhav","date_of_birth":"04/02/1998"},{"id":3837168,"first_name":"jiya","middle_name":"sanjay","last_name":"Jadhav","date_of_birth":"04/02/1998"},{"id":3837167,"first_name":"tiya","middle_name":"sanjay","last_name":"Jadhav","date_of_birth":"04/02/1998"},{"id":3837166,"first_name":"tiya","middle_name":"sanjay","last_name":"Jadhav","date_of_birth":"04/02/1998"},{"id":3837165,"first_name":"Dipu","middle_name":"sanjay","last_name":"Jadhav","date_of_birth":"04/02/1998"},{"id":3837164,"first_name":"Dipu","middle_name":"sanjay","last_name":"Jadhav","date_of_birth":"04/02/1998"},{"id":3837163,"first_name":"Dipu","middle_name":"sanjay","last_name":"JadhavChavhan","date_of_birth":"04/02/1998"},{"id":3837162,"first_name":"","middle_name":"","last_name":"Chavhan","date_of_birth":"04/02/1998"},{"id":3837161,"first_name":"","middle_name":"","last_name":"Chavhan","date_of_birth":"04/02/1998"},{"id":3837160,"first_name":"Testing","middle_name":"A","last_name":"World","date_of_birth":"12/12/1990"},{"id":3837159,"first_name":"Testing","middle_name":"the","last_name":"world","date_of_birth":"01/01/1999"},{"id":3837158,"first_name":"shubham","middle_name":"chavhan","last_name":"Chavhan","date_of_birth":"04/02/1998"},{"id":3837157,"first_name":"reshma","middle_name":"chavhan","last_name":"Chavhan","date_of_birth":"04/02/1998"},{"id":3837156,"first_name":"karan","middle_name":"chavhan","last_name":"Chavhan","date_of_birth":"04/02/1998"},{"id":3837155,"first_name":"divya","middle_name":"chavhan","last_name":"Chavhan","date_of_birth":"04/02/1998"},{"id":3837154,"first_name":"divyaPriyadarshani","middle_name":"chavhanSanjay","last_name":"Chavhan","date_of_birth":"04/02/1998"},{"id":3837153,"first_name":"Priyadarshani","middle_name":"Sanjay","last_name":"Chavhan","date_of_birth":"04/02/1998"},{"id":3837152,"first_name":"Priyadarshani","middle_name":"Sanjay","last_name":"Chavhan","date_of_birth":"04/02/1998"},{"id":3837151,"first_name":"Priyadarshani","middle_name":"Sanjay","last_name":"Chavhan","date_of_birth":"04/02/1998"},{"id":3837150,"first_name":"Priyadarshani","middle_name":"Sanjay","last_name":"Chavhan","date_of_birth":"04/02/1998"},{"id":3837149,"first_name":"Priyadarshani","middle_name":"Sanjay","last_name":"Chavhan","date_of_birth":"04/02/1998"},{"id":3837148,"first_name":"Priyadarshani","middle_name":"Sanjay","last_name":"Chavhan","date_of_birth":"04/02/1998"},{"id":3837147,"first_name":"Priyadarshani","middle_name":"Sanjay","last_name":"Chavhan","date_of_birth":"04/02/1998"},{"id":3837146,"first_name":"pankaj","middle_name":"madhukar","last_name":"baradkar","date_of_birth":"18/11/1995"},{"id":3837145,"first_name":"pankaj","middle_name":"madhukar","last_name":"baradkar","date_of_birth":"18/11/1995"},{"id":3837144,"first_name":"pankaj","middle_name":"madhukar","last_name":"baradkar","date_of_birth":"18/11/1995"}] </msg>
<msg timestamp="20220824 14:28:11.665" level="INFO">To JSON using : pretty_print=False </msg>
<msg timestamp="20220824 14:28:11.665" level="INFO">${json_response} = [{'id': 3837243, 'first_name': 'pankaj', 'middle_name': 'madhukar', 'last_name': 'baradkar', 'date_of_birth': '18/11/1995'}, {'id': 3837242, 'first_name': 'pankaj', 'middle_name': 'madhukar', 'last_na...</msg>
<status status="PASS" starttime="20220824 14:28:11.660" endtime="20220824 14:28:11.665"/>
</kw>
<kw name="Log To Console" library="BuiltIn">
<arg>${json_response}</arg>
<doc>Logs the given message to the console.</doc>
<status status="PASS" starttime="20220824 14:28:11.666" endtime="20220824 14:28:11.673"/>
</kw>
<kw name="Get Value From Json" library="JSONLibrary">
<var>@{id_list}</var>
<arg>${json_response}</arg>
<arg>id</arg>
<doc>Get Value From JSON using JSONPath</doc>
<msg timestamp="20220824 14:28:11.691" level="INFO">@{id_list} = [ ]</msg>
<status status="PASS" starttime="20220824 14:28:11.674" endtime="20220824 14:28:11.691"/>
</kw>
<kw name="Log To Console" library="BuiltIn">
<arg>${id_list}</arg>
<doc>Logs the given message to the console.</doc>
<status status="PASS" starttime="20220824 14:28:11.691" endtime="20220824 14:28:11.692"/>
</kw>
<kw name="Get From List" library="Collections">
<var>${id}</var>
<arg>${id_list}</arg>
<arg>0</arg>
<doc>Returns the value specified with an ``index`` from ``list``.</doc>
<msg timestamp="20220824 14:28:11.692" level="FAIL">IndexError: Given index 0 is out of the range 0--1.</msg>
<status status="FAIL" starttime="20220824 14:28:11.692" endtime="20220824 14:28:11.693"/>
</kw>
<status status="FAIL" starttime="20220824 14:28:10.867" endtime="20220824 14:28:11.694">IndexError: Given index 0 is out of the range 0--1.</status>
</test>
<status status="FAIL" starttime="20220824 14:28:10.752" endtime="20220824 14:28:11.695"/>
</suite>
<statistics>
<total>
<stat pass="0" fail="1" skip="0">All Tests</stat>
</total>
<tag>
</tag>
<suite>
<stat pass="0" fail="1" skip="0" id="s1" name="TC 004 Request Chaining">TC 004 Request Chaining</stat>
</suite>
</statistics>
<errors>
<msg timestamp="20220824 14:28:11.660" level="WARN">Keyword 'RequestsLibrary.To Json' is deprecated. Please use ${resp.json()} instead. Have a look at the improved HTML output as pretty printing replacement.</msg>
</errors>
</robot>
